<?xml version="1.0" encoding="UTF-8"?>
<!-- Generated by org.testng.reporters.JUnitReportReporter -->
<testsuite hostname="Manju12Yadav" failures="0" tests="1" name="com.mavenPractice.ParameterTest" time="0.010" errors="0" timestamp="2023-03-31T17:36:11 IST" skipped="0">
  <testcase classname="com.mavenPractice.ParameterTest" name="test" time="0.010"/>
  <system-out/>
</testsuite> <!-- com.mavenPractice.ParameterTest -->
