<?xml version="1.0" encoding="UTF-8"?>
<!-- Generated by org.testng.reporters.JUnitReportReporter -->
<testsuite hostname="Manju12Yadav" failures="0" tests="1" name="com.mavenPractice.ParameterTest" time="0.013" errors="0" timestamp="2023-05-31T10:58:46 IST" skipped="0">
  <testcase classname="com.mavenPractice.ParameterTest" name="test" time="0.013"/>
  <system-out/>
</testsuite> <!-- com.mavenPractice.ParameterTest -->
