<?xml version="1.0" encoding="UTF-8"?>
<!-- Generated by org.testng.reporters.JUnitReportReporter -->
<testsuite hostname="Manju12Yadav" failures="0" tests="1" name="com.advanced.BookMyShow" time="30.846" errors="0" timestamp="2023-06-06T16:02:24 IST" skipped="0">
  <testcase classname="com.advanced.BookMyShow" name="keralStory" time="30.846"/>
  <system-out/>
</testsuite> <!-- com.advanced.BookMyShow -->
