<?xml version="1.0" encoding="UTF-8"?>
<!-- Generated by org.testng.reporters.JUnitReportReporter -->
<testsuite hostname="Manju12Yadav" failures="0" tests="1" name="com.mavenPractice.ParameterTest" time="0.012" errors="0" timestamp="2023-04-06T17:29:08 IST" skipped="0">
  <testcase classname="com.mavenPractice.ParameterTest" name="test" time="0.012"/>
  <system-out/>
</testsuite> <!-- com.mavenPractice.ParameterTest -->
