<?xml version="1.0" encoding="UTF-8"?>
<!-- Generated by org.testng.reporters.JUnitReportReporter -->
<testsuite hostname="Manju12Yadav" failures="0" tests="2" name="com.mavenPractice.MavenTest" time="0.028" errors="0" timestamp="2023-03-31T16:30:58 IST" skipped="0">
  <testcase classname="com.mavenPractice.MavenTest" name="testScript2" time="0.002"/>
  <system-out>
    <![CDATA[-----Test Pass :-2 Executed -----]]>
  </system-out>
  <testcase classname="com.mavenPractice.MavenTest" name="testScript1" time="0.026"/>
  <system-out>
    <![CDATA[-----Test Pass :-1 Executed -----]]>
  </system-out>
</testsuite> <!-- com.mavenPractice.MavenTest -->
