<?xml version="1.0" encoding="UTF-8"?>
<!-- Generated by org.testng.reporters.JUnitReportReporter -->
<testsuite hostname="Manju12Yadav" failures="0" tests="1" name="com.mavenPractice.StringOperations" time="0.011" errors="0" timestamp="2023-06-01T17:51:45 IST" skipped="0">
  <testcase classname="com.mavenPractice.StringOperations" name="removeDuplicate" time="0.011"/>
  <system-out/>
</testsuite> <!-- com.mavenPractice.StringOperations -->
